[ 2018-11-17T16:25:44+08:00 ][ sql ] [ DB ] CONNECT:[ UseTime:0.020001s ] mysql:host=127.0.0.1;dbname=yangzhipc;charset=utf8
[ 2018-11-17T16:25:44+08:00 ][ sql ] [ SQL ] SHOW TABLE STATUS LIKE 'ad' [ RunTime:0.003001s ]
[ 2018-11-17T16:25:44+08:00 ][ sql ] [ SQL ] SHOW TABLE STATUS LIKE 'fa_ad' [ RunTime:0.065003s ]
[ 2018-11-17T16:25:44+08:00 ][ sql ] [ SQL ] SELECT * FROM `information_schema`.`columns` WHERE TABLE_SCHEMA = 'yangzhipc' AND table_name = 'fa_ad' ORDER BY ORDINAL_POSITION [ RunTime:0.003000s ]
[ 2018-11-17T16:26:11+08:00 ][ sql ] [ DB ] CONNECT:[ UseTime:0.019001s ] mysql:host=127.0.0.1;dbname=yangzhipc;charset=utf8
[ 2018-11-17T16:26:11+08:00 ][ sql ] [ SQL ] SHOW TABLE STATUS LIKE 'ad_position' [ RunTime:0.002000s ]
[ 2018-11-17T16:26:11+08:00 ][ sql ] [ SQL ] SHOW TABLE STATUS LIKE 'fa_ad_position' [ RunTime:0.006000s ]
[ 2018-11-17T16:26:11+08:00 ][ sql ] [ SQL ] SELECT * FROM `information_schema`.`columns` WHERE TABLE_SCHEMA = 'yangzhipc' AND table_name = 'fa_ad_position' ORDER BY ORDINAL_POSITION [ RunTime:0.003000s ]
[ 2018-11-17T16:26:39+08:00 ][ sql ] [ DB ] CONNECT:[ UseTime:0.019001s ] mysql:host=127.0.0.1;dbname=yangzhipc;charset=utf8
[ 2018-11-17T16:26:39+08:00 ][ sql ] [ SQL ] SHOW TABLE STATUS LIKE 'ad_position' [ RunTime:0.002000s ]
[ 2018-11-17T16:26:39+08:00 ][ sql ] [ SQL ] SHOW TABLE STATUS LIKE 'fa_ad_position' [ RunTime:0.002000s ]
[ 2018-11-17T16:27:21+08:00 ][ sql ] [ DB ] CONNECT:[ UseTime:0.021001s ] mysql:host=127.0.0.1;dbname=yangzhipc;charset=utf8
[ 2018-11-17T16:27:21+08:00 ][ sql ] [ SQL ] SHOW TABLE STATUS LIKE 'ad_position' [ RunTime:0.002000s ]
[ 2018-11-17T16:27:21+08:00 ][ sql ] [ SQL ] SHOW TABLE STATUS LIKE 'fa_ad_position' [ RunTime:0.002000s ]
[ 2018-11-17T16:27:38+08:00 ][ sql ] [ DB ] CONNECT:[ UseTime:0.010001s ] mysql:host=127.0.0.1;dbname=yangzhipc;charset=utf8
[ 2018-11-17T16:27:38+08:00 ][ sql ] [ SQL ] SHOW TABLE STATUS LIKE 'ad_position' [ RunTime:0.001000s ]
[ 2018-11-17T16:27:38+08:00 ][ sql ] [ SQL ] SHOW TABLE STATUS LIKE 'fa_ad_position' [ RunTime:0.002001s ]
[ 2018-11-17T16:27:38+08:00 ][ sql ] [ SQL ] SELECT * FROM `information_schema`.`columns` WHERE TABLE_SCHEMA = 'yangzhipc' AND table_name = 'fa_ad_position' ORDER BY ORDINAL_POSITION [ RunTime:0.003000s ]
[ 2018-11-17T16:28:58+08:00 ][ sql ] [ DB ] CONNECT:[ UseTime:0.011000s ] mysql:host=127.0.0.1;dbname=yangzhipc;charset=utf8
[ 2018-11-17T16:28:58+08:00 ][ sql ] [ SQL ] SHOW COLUMNS FROM `fa_auth_rule` [ RunTime:0.007001s ]
[ 2018-11-17T16:28:58+08:00 ][ sql ] [ SQL ] SELECT * FROM `fa_auth_rule` WHERE  `name` = 'ad' LIMIT 1 [ RunTime:0.002000s ]
[ 2018-11-17T16:28:58+08:00 ][ sql ] [ SQL ] INSERT INTO `fa_auth_rule` (`pid` , `name` , `title` , `icon` , `remark` , `ismenu` , `status` , `createtime` , `updatetime`) VALUES (0 , 'ad' , 'ad' , 'fa fa-list' , '' , 1 , 'normal' , 1542443338 , 1542443338) [ RunTime:0.054003s ]
[ 2018-11-17T16:28:58+08:00 ][ sql ] [ SQL ] SELECT * FROM `fa_auth_rule` WHERE  `name` = 'ad/ad' LIMIT 1 [ RunTime:0.002000s ]
[ 2018-11-17T16:28:58+08:00 ][ sql ] [ SQL ] INSERT INTO `fa_auth_rule` (`pid` , `name` , `title` , `icon` , `remark` , `ismenu` , `status` , `createtime` , `updatetime`) VALUES (85 , 'ad/ad' , '广告' , 'fa fa-circle-o' , '' , 1 , 'normal' , 1542443338 , 1542443338) [ RunTime:0.030002s ]
[ 2018-11-17T16:28:58+08:00 ][ sql ] [ SQL ] SELECT `id` FROM `fa_auth_rule` WHERE  `name` = 'ad/ad/index' LIMIT 1 [ RunTime:0.001000s ]
[ 2018-11-17T16:28:58+08:00 ][ sql ] [ SQL ] SELECT `id` FROM `fa_auth_rule` WHERE  `name` = 'ad/ad/add' LIMIT 1 [ RunTime:0.000000s ]
[ 2018-11-17T16:28:58+08:00 ][ sql ] [ SQL ] SELECT `id` FROM `fa_auth_rule` WHERE  `name` = 'ad/ad/edit' LIMIT 1 [ RunTime:0.000000s ]
[ 2018-11-17T16:28:58+08:00 ][ sql ] [ SQL ] SELECT `id` FROM `fa_auth_rule` WHERE  `name` = 'ad/ad/del' LIMIT 1 [ RunTime:0.000000s ]
[ 2018-11-17T16:28:58+08:00 ][ sql ] [ SQL ] SELECT `id` FROM `fa_auth_rule` WHERE  `name` = 'ad/ad/multi' LIMIT 1 [ RunTime:0.000000s ]
[ 2018-11-17T16:28:58+08:00 ][ sql ] [ SQL ] INSERT INTO `fa_auth_rule` (`id` , `pid` , `name` , `icon` , `title` , `ismenu` , `status` , `createtime` , `updatetime`) VALUES (NULL , 86 , 'ad/ad/index' , 'fa fa-circle-o' , '查看' , 0 , 'normal' , 1542443338 , 1542443338) [ RunTime:0.001000s ]
[ 2018-11-17T16:28:58+08:00 ][ sql ] [ SQL ] INSERT INTO `fa_auth_rule` (`id` , `pid` , `name` , `icon` , `title` , `ismenu` , `status` , `createtime` , `updatetime`) VALUES (NULL , 86 , 'ad/ad/add' , 'fa fa-circle-o' , '添加' , 0 , 'normal' , 1542443338 , 1542443338) [ RunTime:0.000000s ]
[ 2018-11-17T16:28:58+08:00 ][ sql ] [ SQL ] INSERT INTO `fa_auth_rule` (`id` , `pid` , `name` , `icon` , `title` , `ismenu` , `status` , `createtime` , `updatetime`) VALUES (NULL , 86 , 'ad/ad/edit' , 'fa fa-circle-o' , '编辑' , 0 , 'normal' , 1542443338 , 1542443338) [ RunTime:0.000000s ]
[ 2018-11-17T16:28:58+08:00 ][ sql ] [ SQL ] INSERT INTO `fa_auth_rule` (`id` , `pid` , `name` , `icon` , `title` , `ismenu` , `status` , `createtime` , `updatetime`) VALUES (NULL , 86 , 'ad/ad/del' , 'fa fa-circle-o' , '删除' , 0 , 'normal' , 1542443338 , 1542443338) [ RunTime:0.000000s ]
[ 2018-11-17T16:28:58+08:00 ][ sql ] [ SQL ] INSERT INTO `fa_auth_rule` (`id` , `pid` , `name` , `icon` , `title` , `ismenu` , `status` , `createtime` , `updatetime`) VALUES (NULL , 86 , 'ad/ad/multi' , 'fa fa-circle-o' , '批量更新' , 0 , 'normal' , 1542443338 , 1542443338) [ RunTime:0.001000s ]
[ 2018-11-17T16:29:14+08:00 ][ sql ] [ DB ] CONNECT:[ UseTime:0.012000s ] mysql:host=127.0.0.1;dbname=yangzhipc;charset=utf8
[ 2018-11-17T16:29:14+08:00 ][ sql ] [ SQL ] SHOW COLUMNS FROM `fa_auth_rule` [ RunTime:0.002000s ]
[ 2018-11-17T16:29:14+08:00 ][ sql ] [ SQL ] SELECT * FROM `fa_auth_rule` WHERE  `name` = 'ad' LIMIT 1 [ RunTime:0.001000s ]
[ 2018-11-17T16:29:14+08:00 ][ sql ] [ SQL ] SELECT * FROM `fa_auth_rule` WHERE  `name` = 'ad/position' LIMIT 1 [ RunTime:0.001000s ]
[ 2018-11-17T16:29:14+08:00 ][ sql ] [ SQL ] INSERT INTO `fa_auth_rule` (`pid` , `name` , `title` , `icon` , `remark` , `ismenu` , `status` , `createtime` , `updatetime`) VALUES (85 , 'ad/position' , '广告位' , 'fa fa-circle-o' , '' , 1 , 'normal' , 1542443354 , 1542443354) [ RunTime:0.051003s ]
[ 2018-11-17T16:29:14+08:00 ][ sql ] [ SQL ] SELECT `id` FROM `fa_auth_rule` WHERE  `name` = 'ad/position/index' LIMIT 1 [ RunTime:0.001000s ]
[ 2018-11-17T16:29:14+08:00 ][ sql ] [ SQL ] SELECT `id` FROM `fa_auth_rule` WHERE  `name` = 'ad/position/add' LIMIT 1 [ RunTime:0.001000s ]
[ 2018-11-17T16:29:14+08:00 ][ sql ] [ SQL ] SELECT `id` FROM `fa_auth_rule` WHERE  `name` = 'ad/position/edit' LIMIT 1 [ RunTime:0.001000s ]
[ 2018-11-17T16:29:14+08:00 ][ sql ] [ SQL ] SELECT `id` FROM `fa_auth_rule` WHERE  `name` = 'ad/position/del' LIMIT 1 [ RunTime:0.002000s ]
[ 2018-11-17T16:29:14+08:00 ][ sql ] [ SQL ] SELECT `id` FROM `fa_auth_rule` WHERE  `name` = 'ad/position/multi' LIMIT 1 [ RunTime:0.001000s ]
[ 2018-11-17T16:29:14+08:00 ][ sql ] [ SQL ] INSERT INTO `fa_auth_rule` (`id` , `pid` , `name` , `icon` , `title` , `ismenu` , `status` , `createtime` , `updatetime`) VALUES (NULL , 92 , 'ad/position/index' , 'fa fa-circle-o' , '查看' , 0 , 'normal' , 1542443354 , 1542443354) [ RunTime:0.002000s ]
[ 2018-11-17T16:29:14+08:00 ][ sql ] [ SQL ] INSERT INTO `fa_auth_rule` (`id` , `pid` , `name` , `icon` , `title` , `ismenu` , `status` , `createtime` , `updatetime`) VALUES (NULL , 92 , 'ad/position/add' , 'fa fa-circle-o' , '添加' , 0 , 'normal' , 1542443354 , 1542443354) [ RunTime:0.001000s ]
[ 2018-11-17T16:29:14+08:00 ][ sql ] [ SQL ] INSERT INTO `fa_auth_rule` (`id` , `pid` , `name` , `icon` , `title` , `ismenu` , `status` , `createtime` , `updatetime`) VALUES (NULL , 92 , 'ad/position/edit' , 'fa fa-circle-o' , '编辑' , 0 , 'normal' , 1542443354 , 1542443354) [ RunTime:0.001000s ]
[ 2018-11-17T16:29:14+08:00 ][ sql ] [ SQL ] INSERT INTO `fa_auth_rule` (`id` , `pid` , `name` , `icon` , `title` , `ismenu` , `status` , `createtime` , `updatetime`) VALUES (NULL , 92 , 'ad/position/del' , 'fa fa-circle-o' , '删除' , 0 , 'normal' , 1542443354 , 1542443354) [ RunTime:0.010000s ]
[ 2018-11-17T16:29:14+08:00 ][ sql ] [ SQL ] INSERT INTO `fa_auth_rule` (`id` , `pid` , `name` , `icon` , `title` , `ismenu` , `status` , `createtime` , `updatetime`) VALUES (NULL , 92 , 'ad/position/multi' , 'fa fa-circle-o' , '批量更新' , 0 , 'normal' , 1542443354 , 1542443354) [ RunTime:0.001001s ]
